<?xml version="1.0" encoding="UTF-8"?>
<!-- Generated by org.testng.reporters.JUnitReportReporter -->
<testsuite hostname="Classroom-201" failures="0" tests="2" name="com.OrangeHRM.TestCases.TestCase1" time="11.708" errors="0" timestamp="2024-05-29T08:45:36 IST" skipped="0">
  <testcase classname="com.OrangeHRM.TestCases.TestCase1" name="AddEmp1" time="6.723"/>
  <system-out/>
  <testcase classname="com.OrangeHRM.TestCases.TestCase1" name="AddEmp" time="4.985"/>
  <system-out/>
</testsuite> <!-- com.OrangeHRM.TestCases.TestCase1 -->
